2025-07-23T23:32:20 | touched: scripts/api-server.js
2025-12-14T18:18:12 | touched: scripts/deploy.js
2025-01-28T09:43:58 | touched: LICENSE
2025-04-21T23:44:37 | touched: scripts/deploy.js
2025-10-16T12:07:47 | touched: README.md
2025-04-16T03:32:28 | touched: scripts/cli.js
2025-01-29T06:02:56 | touched: scripts/api-server.js
2025-11-25T23:31:19 | touched: scripts/frontend-integration.js
2025-07-14T21:06:36 | touched: scripts/deploy.js
2025-09-06T06:00:58 | touched: contracts/Langchainkit.sol
2025-12-01T04:33:01 | touched: .env.example
2025-11-28T20:10:52 | touched: scripts/interact.js
2025-04-25T20:06:08 | touched: scripts/api-server.js
2025-02-03T12:49:09 | touched: .env.example
2025-04-17T04:23:59 | touched: .env.example
2025-06-20T19:56:03 | touched: hardhat.config.js
2025-08-01T14:00:34 | touched: hardhat.config.js
2025-10-30T07:42:35 | touched: scripts/deploy.js
2025-11-06T01:21:41 | touched: README.md
2025-10-25T01:55:19 | touched: test/Langchainkit.test.js
2025-10-04T05:50:56 | touched: scripts/frontend-integration.js
